0 info it worked if it ends with ok
1 verbose cli [ 'C:\\Program Files\\nodejs\\node.exe',
1 verbose cli   'C:\\Program Files\\nodejs\\node_modules\\npm\\bin\\npm-cli.js',
1 verbose cli   'run',
1 verbose cli   'dev-fe' ]
2 info using npm@3.10.10
3 info using node@v6.10.3
4 verbose run-script [ 'predev-fe', 'dev-fe', 'postdev-fe' ]
5 info lifecycle fcc-tonight-v2@1.0.0~predev-fe: fcc-tonight-v2@1.0.0
6 silly lifecycle fcc-tonight-v2@1.0.0~predev-fe: no script for predev-fe, continuing
7 info lifecycle fcc-tonight-v2@1.0.0~dev-fe: fcc-tonight-v2@1.0.0
8 verbose lifecycle fcc-tonight-v2@1.0.0~dev-fe: unsafe-perm in lifecycle true
9 verbose lifecycle fcc-tonight-v2@1.0.0~dev-fe: PATH: C:\Program Files\nodejs\node_modules\npm\bin\node-gyp-bin;C:\node\fcc-tonight-v2\node_modules\.bin;C:\ProgramData\Oracle\Java\javapath;C:\Windows\system32;C:\Windows;C:\Windows\System32\Wbem;C:\Windows\System32\WindowsPowerShell\v1.0\;C:\Program Files (x86)\Shoreline Communications\ShoreWare Client\;C:\Program Files (x86)\Shoreline Communications\ShoreWare Client\win64;C:\Program Files (x86)\ShoreTel\ShoreTel 3rd Party\;C:\Program Files (x86)\PuTTY\;C:\Program Files (x86)\Microsoft SQL Server\110\Tools\Binn\;C:\Program Files\Microsoft SQL Server\110\Tools\Binn\;C:\Program Files (x86)\Microsoft SQL Server\110\Tools\Binn\ManagementStudio\;C:\Program Files (x86)\Microsoft SQL Server\110\DTS\Binn\;C:\Windows\System32\WindowsPowerShell\v1.0\;C:\Windows\System32\Windows System Resource Manager\bin;C:\Windows\idmu\common;C:\Program Files\Microsoft\Exchange Server\V14\bin;C:\Program Files\Microsoft SQL Server\Client SDK\ODBC\110\Tools\Binn\;C:\Program Files (x86)\Microsoft SQL Server\120\Tools\Binn\;C:\Program Files\Microsoft SQL Server\120\Tools\Binn\;C:\Program Files\Microsoft SQL Server\120\DTS\Binn\;C:\Program Files (x86)\Microsoft SQL Server\120\Tools\Binn\ManagementStudio\;C:\Program Files (x86)\Microsoft SQL Server\120\DTS\Binn\;C:\Program Files (x86)\Git\cmd;C:\Program Files\nodejs\;C:\Windows\System32\WindowsPowerShell\v1.0\;C:\Program Files\MongoDB\Server\3.4\bin;C:\Program Files\Windows Imaging\;;C:\Program Files (x86)\Microsoft VS Code\bin;C:\Users\is04gc\AppData\Roaming\npm;C:\Program Files\Heroku\bin
10 verbose lifecycle fcc-tonight-v2@1.0.0~dev-fe: CWD: C:\node\fcc-tonight-v2
11 silly lifecycle fcc-tonight-v2@1.0.0~dev-fe: Args: [ '/d /s /c', 'webpack -d --watch' ]
12 silly lifecycle fcc-tonight-v2@1.0.0~dev-fe: Returned: code: 3221225786  signal: null
13 info lifecycle fcc-tonight-v2@1.0.0~dev-fe: Failed to exec dev-fe script
14 verbose stack Error: fcc-tonight-v2@1.0.0 dev-fe: `webpack -d --watch`
14 verbose stack Exit status 3221225786
14 verbose stack     at EventEmitter.<anonymous> (C:\Program Files\nodejs\node_modules\npm\lib\utils\lifecycle.js:255:16)
14 verbose stack     at emitTwo (events.js:106:13)
14 verbose stack     at EventEmitter.emit (events.js:191:7)
14 verbose stack     at ChildProcess.<anonymous> (C:\Program Files\nodejs\node_modules\npm\lib\utils\spawn.js:40:14)
14 verbose stack     at emitTwo (events.js:106:13)
14 verbose stack     at ChildProcess.emit (events.js:191:7)
14 verbose stack     at maybeClose (internal/child_process.js:886:16)
14 verbose stack     at Process.ChildProcess._handle.onexit (internal/child_process.js:226:5)
15 verbose pkgid fcc-tonight-v2@1.0.0
16 verbose cwd C:\node\fcc-tonight-v2
17 error Windows_NT 6.1.7601
18 error argv "C:\\Program Files\\nodejs\\node.exe" "C:\\Program Files\\nodejs\\node_modules\\npm\\bin\\npm-cli.js" "run" "dev-fe"
19 error node v6.10.3
20 error npm  v3.10.10
21 error code ELIFECYCLE
22 error fcc-tonight-v2@1.0.0 dev-fe: `webpack -d --watch`
22 error Exit status 3221225786
23 error Failed at the fcc-tonight-v2@1.0.0 dev-fe script 'webpack -d --watch'.
23 error Make sure you have the latest version of node.js and npm installed.
23 error If you do, this is most likely a problem with the fcc-tonight-v2 package,
23 error not with npm itself.
23 error Tell the author that this fails on your system:
23 error     webpack -d --watch
23 error You can get information on how to open an issue for this project with:
23 error     npm bugs fcc-tonight-v2
23 error Or if that isn't available, you can get their info via:
23 error     npm owner ls fcc-tonight-v2
23 error There is likely additional logging output above.
24 verbose exit [ 1, true ]
